[96001][1754989156321][main][info]["Booting Postman 11.58.0, linux-6.15.9-201.fc42.x86_64 on x64"]
[96001][1754989156323][main][info]["EventBus~initialize - Success"]
[96001][1754989156324][main][info]["Proxy configuration has not been setup"]
[96001][1754989156325][main][info]["CloudProxyManager~init - Success"]
[96001][1754989156363][main][info]["performShellDataMigration: Starting shell data migration"]
[96001][1754989156364][main][info]["migrateShellData:Starting"]
[96001][1754989156370][main][info]["migrateShellData: Old storage cleaned up"]
[96001][1754989156684][main][info]["migrateShellData: Got data from shell. Writing to storage"]
[96001][1754989156688][main][info]["performShellDataMigration: Migration successful on try count 1"]
[96001][1754989156695][main][info]["UpdateHandler~init - Success"]
[96001][1754989156697][main][info]["LeaderSelection: Initialized successfully"]
[96001][1754989156717][main][info]["GPU detected VID 4098 DID 5686 ACTIVE true"]
[96001][1754989156743][main][info]["main.js: Agent started"]
[96001][1754989156744][main][info]["shellController~init: Success"]
[96001][1754989156744][main][info]["shellMeta~init: Success"]
[96001][1754989156744][main][info]["partitionMigrationService: State of V7 partition:"]
[96001][1754989156745][main][info]["partitionMigrationService: V7 partitions",[]]
[96001][1754989156745][main][info]["partitionMigrationService~rectifyNamespaceOfScratchPadPartition: There is no partition with scratchpad namespace"]
[96001][1754989156745][main][info]["partitionMigrationService~rectifyNamespaceOfScratchPadPartition: There is no transit partition which could have been used for scratchpad"]
[96001][1754989156745][main][info]["partitionMigrationService~init: Success"]
[96001][1754989156746][main][info]["partitionMigrationService~runV8PartitionsIntegrity: Two way migration~ removing the following partitions from v8",[]]
[96001][1754989156746][main][info]["userPartitionService~_rectifyTheActivePartitionOfApplication: Setting the active partition to ",null]
[96001][1754989156756][main][info]["LinuxAutoUpdater~Cleanup - Initial cleanup successful"]
[96001][1754989156763][main][info]["newAccountRegionPreferenceService~getPreferenceWithFallback - Preference not found in storage."]
[96001][1754989156763][main][info]["newAccountRegionPreferenceService~getToggleMenuTemplate - Using preference:","useUSRegion"]
[96001][1754989156770][main][info]["userPartitionService~init: Success"]
[96001][1754989156797][main][info]["userPartitionService: State of v8 partition system:"]
[96001][1754989156797][main][info]["shell~init~getPartitionToLoad: loading scratchpad partition"]
[96001][1754989156797][main][info]["userPartitionService: List of partitions:",[]]
[96001][1754989156797][main][info]["userPartitionService: users global meta:",{}]
[96001][1754989156805][main][info]["Main:windowManager~newRequesterWindow: Fetch and update runtime config: undefined"]
[96001][1754989159186][main][info]["RuntimeIPCAgent~started: Success"]
[96001][1754989159200][main][info]["Main~scratchpadThemeAction:: action: set, value: dark"]
[96001][1754989159202][main][info]["Main~scratchpadThemeAction:: action: set, value: dark"]
[96001][1754989159209][main][info]["Main~scratchpadThemeAction:: action: set, value: dark"]
[96001][1754989159217][main][info]["UpdateHandler~app-update-events - Received event",{"name":"checkForElectronVersionUpdated","namespace":"appUpdate"}]
[96001][1754989159222][main][info]["windowManager: First requester booted successfully."]
[96001][1754989159222][main][info]["windowManager~restoreWindows: Restoring requester windows"]
[96001][1754989159222][main][info]["WebVersionService: Initialized successfully with version: undefined"]
[96001][1754989159222][main][info]["Main~AppEvents - Received booted event for process requester.Version undefined UI Version: undefined Desktop Platform Version: 11.58.0"]
[96001][1754989169664][main][info]["UpdateHandler~app-update-events - Received event",{"name":"updateElectron","namespace":"appUpdate","data":{"channel":"stable","version":"11.58.0","downloadVersion":"11.58.1","appId":"01f3328c-58aa-41ca-aa58-09affe387623","userAgent":"Mozilla/5.0 (X11; Linux x86_64) AppleWebKit/537.36 (KHTML, like Gecko) Postman/11.58.0 Electron/32.3.3 Safari/537.36","platform":"LINUX","arch":"64","downloadURL":"https://dl.pstmn.io/download/version/11.58.1/linux_64","updateServerDomain":"https://dl.pstmn.io/","additionalParamsString":"installationId=01f3328c-58aa-41ca-aa58-09affe387623&userId=0&syncEnabled=false&teamPlan=&teamId=0","userId":"0"}}]
[96001][1754989169664][main][info]["LinuxUpdater~downloadUpdate - UpdateInfo received",{"channel":"stable","version":"11.58.0","downloadVersion":"11.58.1","appId":"01f3328c-58aa-41ca-aa58-09affe387623","userAgent":"Mozilla/5.0 (X11; Linux x86_64) AppleWebKit/537.36 (KHTML, like Gecko) Postman/11.58.0 Electron/32.3.3 Safari/537.36","platform":"LINUX","arch":"64","downloadURL":"https://dl.pstmn.io/download/version/11.58.1/linux_64","updateServerDomain":"https://dl.pstmn.io/","additionalParamsString":"installationId=01f3328c-58aa-41ca-aa58-09affe387623&userId=0&syncEnabled=false&teamPlan=&teamId=0","userId":"0"}]
[96001][1754989201366][main][info]["LinuxAutoUpdater~Extraction completed",{"packageName":"Postman","eID":"Postman-1754989169665","downloadURL":"https://dl.pstmn.io/download/version/11.58.1/linux_64","downloadDirectory":"/home/bamo/Downloads/Postman","downloadInfo":{"status":"DOWNLOAD_COMPLETED","error":null,"downloadDirectory":"/home/bamo/Downloads/Postman"},"extractInfo":{"status":"EXTRACTION_SUCCESSFUL","error":null,"extractDirectory":"/home/bamo/Downloads/Postman","standardOutput":"","standardError":""}}]
[96001][1754989201366][main][info]["@postman/app-updater: Update updateDownloaded","","Postman 11.58.1","","https://dl.pstmn.io/download/version/11.58.1/linux_64"]
[96001][1754989201367][main][info]["UpdateHandler~app-update-events - Received event",{"name":"electronAppUpdateDownloaded","namespace":"appUpdate","data":{"releaseName":"Postman 11.58.1","notes":"","date":"","URL":"https://dl.pstmn.io/download/version/11.58.1/linux_64"}}]
[96001][1754989513012][main][info]["Quitting app"]
[96001][1754989513015][main][info]["Applying update and quit the app"]
[96001][1754989513016][main][info]["@postman/app-updater: quitting app to update"]
[96001][1754989513016][main][info]["LinuxAutoUpdater~quitAndInstall - Initiated"]
[96001][1754989513016][main][info]["LinuxAutoUpdater~quitAndInstall - Quitting for update"]
[102811][1754989576729][main][info]["Booting Postman 11.58.1, linux-6.15.9-201.fc42.x86_64 on x64"]
[102811][1754989576731][main][info]["EventBus~initialize - Success"]
[102811][1754989576734][main][info]["Proxy configuration has not been setup"]
[102811][1754989576734][main][info]["CloudProxyManager~init - Success"]
[102811][1754989576779][main][info]["performShellDataMigration: Migration has already been done. Bailing out"]
[102811][1754989576784][main][info]["UpdateHandler~init - Success"]
[102811][1754989576787][main][info]["LeaderSelection: Initialized successfully"]
[102811][1754989576804][main][info]["GPU detected VID 4098 DID 5686 ACTIVE true"]
[102811][1754989576828][main][info]["main.js: Agent started"]
[102811][1754989576828][main][info]["shellController~init: Success"]
[102811][1754989576828][main][info]["shellMeta~init: Success"]
[102811][1754989576829][main][info]["partitionMigrationService: State of V7 partition:"]
[102811][1754989576829][main][info]["partitionMigrationService: V7 partitions",[]]
[102811][1754989576829][main][info]["partitionMigrationService~rectifyNamespaceOfScratchPadPartition: There is no partition with scratchpad namespace"]
[102811][1754989576829][main][info]["partitionMigrationService~rectifyNamespaceOfScratchPadPartition: There is no transit partition which could have been used for scratchpad"]
[102811][1754989576829][main][info]["partitionMigrationService~init: Success"]
[102811][1754989576829][main][info]["partitionMigrationService~runV8PartitionsIntegrity: Two way migration~ removing the following partitions from v8",[]]
[102811][1754989576830][main][info]["userPartitionService~_rectifyTheActivePartitionOfApplication: Setting the active partition to ",null]
[102811][1754989576842][main][info]["newAccountRegionPreferenceService~getPreferenceWithFallback - Preference not found in storage."]
[102811][1754989576842][main][info]["newAccountRegionPreferenceService~getToggleMenuTemplate - Using preference:","useUSRegion"]
[102811][1754989576876][main][info]["userPartitionService~init: Success"]
[102811][1754989576887][main][info]["LinuxAutoUpdater~Cleanup - Initial cleanup successful"]
[102811][1754989576892][main][info]["userPartitionService: State of v8 partition system:"]
[102811][1754989576892][main][info]["shell~init~getPartitionToLoad: loading scratchpad partition"]
[102811][1754989576892][main][info]["userPartitionService: List of partitions:",[{"partitionId":"55cbd6e9-2ab4-4a1a-bfd6-0b88389261e4","namespace":"scratchPad","userId":0,"teamId":0,"isDirty":false}]]
[102811][1754989576893][main][info]["userPartitionService: users global meta:",{}]
[102811][1754989576893][main][info]["Main:windowManager~newRequesterWindow: Fetch and update runtime config: undefined"]
[102811][1754989578863][main][info]["RuntimeIPCAgent~started: Success"]
[102811][1754989578876][main][info]["Main~scratchpadThemeAction:: action: set, value: dark"]
[102811][1754989578878][main][info]["Main~scratchpadThemeAction:: action: set, value: dark"]
[102811][1754989578889][main][info]["Main~scratchpadThemeAction:: action: set, value: dark"]
[102811][1754989578895][main][info]["UpdateHandler~app-update-events - Received event",{"name":"checkForElectronVersionUpdated","namespace":"appUpdate"}]
[102811][1754989578895][main][info]["@postman/app-updater: version Updated","11.58.0","11.58.1"]
[102811][1754989578895][main][info]["UpdateHandler~app-update-events - Received event",{"name":"electronVersionUpdated","namespace":"appUpdate","data":{"lastKnownVersion":"11.58.0","currentVersion":"11.58.1"}}]
[102811][1754989578900][main][info]["windowManager: First requester booted successfully."]
[102811][1754989578901][main][info]["windowManager~restoreWindows: Restoring requester windows"]
[102811][1754989578901][main][info]["WebVersionService: Initialized successfully with version: undefined"]
[102811][1754989578901][main][info]["Main~AppEvents - Received booted event for process requester.Version undefined UI Version: undefined Desktop Platform Version: 11.58.1"]
[102811][1754989630028][main][info]["Main - model-events~user - (users, add) received"]
[102811][1754989630049][main][info]["WebVersionService: Resetting UI version as user logged out/switched account"]
[102811][1754989630049][main][info]["WebVersionService: Resetting web app version"]
[102811][1754989630252][main][info]["AuthHandler~open: Received dom-ready event."]
[102811][1754989630254][main][info]["AuthHandler~open: Received did-finish-load event."]
[102811][1754989630372][main][warn]["AuthHandler~open: Current app is not default protocol client - Falling back to polling mechanism."]
[102811][1754989630374][main][info]["newAccountRegionPreferenceService~getPreferenceWithFallback - Preference not found in storage."]
[102811][1754989630375][main][info]["newAccountRegionPreferenceService~getRegionPreference - Using preference:","useUSRegion"]
[102811][1754989630375][main][info]["AuthHandler~open: new Account region preference:","us"]
[102811][1754989630375][main][info]["AuthHandler~open: get multiLoginToken token."]
[102811][1754989630375][main][info]["AuthHandler~open: Publishing initialize event to auth-window channel."]
[102811][1754989635737][main][info]["userPartitionService: State of v8 partition system:"]
[102811][1754989635737][main][info]["shell~init~getPartitionToLoad: loading scratchpad partition"]
[102811][1754989635738][main][info]["userPartitionService: List of partitions:",[{"partitionId":"55cbd6e9-2ab4-4a1a-bfd6-0b88389261e4","namespace":"scratchPad","userId":0,"teamId":0,"isDirty":false}]]
[102811][1754989635738][main][info]["userPartitionService: users global meta:",{}]
[102811][1754989635738][main][info]["Main:windowManager~newRequesterWindow: Fetch and update runtime config: undefined"]
[102811][1754989637354][main][info]["Main~scratchpadThemeAction:: action: set, value: dark"]
[102811][1754989637356][main][info]["Main~scratchpadThemeAction:: action: set, value: dark"]
[102811][1754989637359][main][info]["Main~scratchpadThemeAction:: action: set, value: dark"]
[102811][1754989637372][main][info]["UpdateHandler~app-update-events - Received event",{"name":"checkForElectronVersionUpdated","namespace":"appUpdate"}]
[102811][1754989637377][main][info]["windowManager: First requester booted successfully."]
[102811][1754989637377][main][info]["windowManager~restoreWindows: Restoring requester windows"]
[102811][1754989637377][main][info]["WebVersionService: Initialized successfully with version: undefined"]
[102811][1754989637377][main][info]["Main~AppEvents - Received booted event for process requester.Version undefined UI Version: undefined Desktop Platform Version: 11.58.1"]
[68311][1755000801462][main][info]["Booting Postman 11.58.1, linux-6.15.9-201.fc42.x86_64 on x64"]
[68311][1755000801464][main][info]["EventBus~initialize - Success"]
[68311][1755000801466][main][info]["Proxy configuration has not been setup"]
[68311][1755000801467][main][info]["CloudProxyManager~init - Success"]
[68311][1755000801512][main][info]["performShellDataMigration: Migration has already been done. Bailing out"]
[68311][1755000801518][main][info]["UpdateHandler~init - Success"]
[68311][1755000801522][main][info]["LeaderSelection: Initialized successfully"]
[68311][1755000801547][main][info]["GPU detected VID 4098 DID 5686 ACTIVE true"]
[68311][1755000801571][main][info]["main.js: Agent started"]
[68311][1755000801572][main][info]["shellController~init: Success"]
[68311][1755000801572][main][info]["shellMeta~init: Success"]
[68311][1755000801572][main][info]["partitionMigrationService: State of V7 partition:"]
[68311][1755000801572][main][info]["partitionMigrationService: V7 partitions",[]]
[68311][1755000801572][main][info]["partitionMigrationService~rectifyNamespaceOfScratchPadPartition: There is no partition with scratchpad namespace"]
[68311][1755000801572][main][info]["partitionMigrationService~rectifyNamespaceOfScratchPadPartition: There is no transit partition which could have been used for scratchpad"]
[68311][1755000801572][main][info]["partitionMigrationService~init: Success"]
[68311][1755000801573][main][info]["partitionMigrationService~runV8PartitionsIntegrity: Two way migration~ removing the following partitions from v8",[]]
[68311][1755000801573][main][info]["userPartitionService~_rectifyTheActivePartitionOfApplication: Setting the active partition to ",null]
[68311][1755000801576][main][info]["LinuxAutoUpdater~Cleanup - Initial cleanup successful"]
[68311][1755000801578][main][info]["newAccountRegionPreferenceService~getPreferenceWithFallback - Preference not found in storage."]
[68311][1755000801578][main][info]["newAccountRegionPreferenceService~getToggleMenuTemplate - Using preference:","useUSRegion"]
[68311][1755000801588][main][info]["userPartitionService~init: Success"]
[68311][1755000801598][main][info]["userPartitionService: State of v8 partition system:"]
[68311][1755000801598][main][info]["shell~init~getPartitionToLoad: loading scratchpad partition"]
[68311][1755000801598][main][info]["userPartitionService: List of partitions:",[{"partitionId":"55cbd6e9-2ab4-4a1a-bfd6-0b88389261e4","namespace":"scratchPad","userId":0,"teamId":0,"isDirty":false}]]
[68311][1755000801599][main][info]["userPartitionService: users global meta:",{}]
[68311][1755000801599][main][info]["Main:windowManager~newRequesterWindow: Fetch and update runtime config: undefined"]
[68311][1755000803582][main][info]["RuntimeIPCAgent~started: Success"]
[68311][1755000803596][main][info]["Main~scratchpadThemeAction:: action: set, value: dark"]
[68311][1755000803599][main][info]["Main~scratchpadThemeAction:: action: set, value: dark"]
[68311][1755000803614][main][info]["Main~scratchpadThemeAction:: action: set, value: dark"]
[68311][1755000803619][main][info]["UpdateHandler~app-update-events - Received event",{"name":"checkForElectronVersionUpdated","namespace":"appUpdate"}]
[68311][1755000803624][main][info]["windowManager: First requester booted successfully."]
[68311][1755000803625][main][info]["windowManager~restoreWindows: Restoring requester windows"]
[68311][1755000803625][main][info]["WebVersionService: Initialized successfully with version: undefined"]
[68311][1755000803625][main][info]["Main~AppEvents - Received booted event for process requester.Version undefined UI Version: undefined Desktop Platform Version: 11.58.1"]
